Arguments: 
  /usr/local/bin/node /usr/local/Cellar/yarn/1.7.0/libexec/bin/yarn.js add insersection-observer

PATH: 
  /Users/brettklassen/Documents/google-cloud-sdk/bin:/Library/Frameworks/Python.framework/Versions/3.6/bin:/usr/local/bin:/usr/bin:/bin:/usr/sbin:/sbin:/Users/brettklassen/Library/Android/sdk/:/Users/brettklassen/Library/Android/sdk//tools:/Applications/adt-bundle-mac-x86_64-20140321/sdk/tools:/Applications/adt-bundle-mac-x86_64-20140321/sdk/platform-tools

Yarn version: 
  1.7.0

Node version: 
  10.15.1

Platform: 
  darwin x64

Trace: 
  Error: http://registry.npmjs.org/insersection-observer: Not found
      at Request.params.callback [as _callback] (/usr/local/Cellar/yarn/1.7.0/libexec/lib/cli.js:65656:18)
      at Request.self.callback (/usr/local/Cellar/yarn/1.7.0/libexec/lib/cli.js:134675:22)
      at Request.emit (events.js:189:13)
      at Request.<anonymous> (/usr/local/Cellar/yarn/1.7.0/libexec/lib/cli.js:135658:10)
      at Request.emit (events.js:189:13)
      at IncomingMessage.<anonymous> (/usr/local/Cellar/yarn/1.7.0/libexec/lib/cli.js:135578:12)
      at Object.onceWrapper (events.js:277:13)
      at IncomingMessage.emit (events.js:194:15)
      at endReadableNT (_stream_readable.js:1103:12)
      at process._tickCallback (internal/process/next_tick.js:63:19)

npm manifest: 
  {
    "name": "last-image",
    "version": "1.0.0",
    "description": "Last Image React component",
    "main": "lib/index.js",
    "module": "es/index.js",
    "files": [
      "css",
      "es",
      "lib",
      "umd"
    ],
    "scripts": {
      "build": "nwb build-react-component",
      "clean": "nwb clean-module && nwb clean-demo",
      "prepublishOnly": "npm run build",
      "start": "nwb serve-react-demo",
      "test": "nwb test-react",
      "test:coverage": "nwb test-react --coverage",
      "test:watch": "nwb test-react --server"
    },
    "dependencies": {},
    "peerDependencies": {
      "react": "16.x"
    },
    "devDependencies": {
      "nwb": "0.23.x",
      "react": "^16.8.5",
      "react-dom": "^16.8.5"
    },
    "author": "Field",
    "homepage": "https://github.com/fieldmedialab/last-image",
    "license": "MIT",
    "repository": "",
    "keywords": [
      "srcset",
      "picture",
      "react",
      "react-component",
      "field"
    ]
  }

yarn manifest: 
  No manifest

Lockfile: 
  No lockfile
